MATLAB is selecting SOFTWARE OPENGL rendering.

                            < M A T L A B (R) >
                  Copyright 1984-2019 The MathWorks, Inc.
                  R2019a (9.6.0.1072779) 64-bit (glnxa64)
                               March 8, 2019

 
To get started, type doc.
For product information, visit www.mathworks.com.
 

D_true =

    2.5466    2.3994
    2.3994    2.6534


ans =

   1.0e+03 *

    1.6542    1.6542    1.6542    0.7985


Computing finite-difference Hessian using objective function.

Local minimum possible.

fminunc stopped because the size of the current step is less than
the value of the step size tolerance.

[Warning: MATLAB has disabled some advanced graphics rendering features by
switching to software OpenGL. For more information, click <a
href="matlab:opengl('problems')">here</a>.] 
MAP of initial design based Posterior and err

D_ini =

    1.1495    3.0477
    3.0477    8.9505


Err =

    1.4700


Err =

    1.4700         0         0    1.4477


ans =

   41.4412   41.4412   41.4412   55.2973


Computing finite-difference Hessian using objective function.

Local minimum possible.

fminunc stopped because the size of the current step is less than
the value of the step size tolerance.

MAP of sequential design based Posterior and err

D_seq =

    3.5385    4.6616
    4.6616    6.6368


Err =

    1.4700    1.0184         0    1.4477


Err =

    1.4700    1.0184         0    1.4477    0.9988


ans =

  745.1686  745.1686  745.1359  191.0477


Computing finite-difference Hessian using objective function.

Local minimum possible.

fminunc stopped because the size of the current step is less than
the value of the step size tolerance.

MAP of SP design based Posterior and err

D_ini_only =

    1.2125    3.1266
    3.1266    8.8872


Err =

    1.4700    1.0184    1.4521    1.4477    0.9988


Err =

    1.4700    1.0184    1.4521    1.4477    0.9988    1.4294


ans =

  682.8198  682.8198  682.8198  647.0955


Computing finite-difference Hessian using objective function.

Solver stopped prematurely.

fminunc stopped because it exceeded the function evaluation limit,
options.MaxFunctionEvaluations = 3.000000e+02.

MAP of initial design based Posterior and err

D_ini =

    0.1000    0.0000
    0.0000    0.1000


Err =

    1.9986


Err =

    1.9986         0         0    2.0456

early terminal for design generation

ans =

  -82.7314  -82.7314  -82.7314   20.2305


Computing finite-difference Hessian using objective function.

Local minimum possible.

fminunc stopped because it cannot decrease the objective function
along the current search direction.

MAP of sequential design based Posterior and err

D_seq =

    2.1538    1.9910
    1.9910    2.2305


Err =

    1.9986    0.1950         0    2.0456


Err =

    1.9986    0.1950         0    2.0456    0.1934


ans =

  327.2368  327.2368  327.2367  426.8793


Computing finite-difference Hessian using objective function.

Local minimum possible.

fminunc stopped because the size of the current step is less than
the value of the step size tolerance.

MAP of SP design based Posterior and err

D_ini_only =

    1.6464    2.7554
    2.7554    5.0097


Err =

    1.9986    0.1950    0.7158    2.0456    0.1934


Err =

    1.9986    0.1950    0.7158    2.0456    0.1934    0.7481


Computing finite-difference Hessian using objective function.

Local minimum possible.

fminunc stopped because the size of the current step is less than
the value of the step size tolerance.

MAP of Simulator based Posterior

D =

    2.5460    2.3993
    2.3993    2.6539


D_true =

    0.3561   -0.8515
   -0.8515    4.8439


ans =

  454.1915  454.1915  454.1912  144.3049


Computing finite-difference Hessian using objective function.

Local minimum possible.

fminunc stopped because the size of the current step is less than
the value of the step size tolerance.

MAP of initial design based Posterior and err

D_ini =

    0.9896    2.8312
    2.8312    9.1104


Err =

    4.3434


Err =

    4.3434         0         0    4.3157

early terminal for design generation

ans =

 -104.1072 -104.1072 -104.1072   19.9700


Computing finite-difference Hessian using objective function.

Local minimum possible.

fminunc stopped because it cannot decrease the objective function
along the current search direction.

MAP of sequential design based Posterior and err

D_seq =

    0.3563   -0.8726
   -0.8726    5.0017


Err =

    4.3434    0.0388         0    4.3157


Err =

    4.3434    0.0388         0    4.3157    0.0373


ans =

  245.6601  245.6601  245.6600   24.4371


Computing finite-difference Hessian using objective function.

Local minimum possible.

fminunc stopped because the size of the current step is less than
the value of the step size tolerance.

MAP of SP design based Posterior and err

D_ini_only =

    0.4267    1.7685
    1.7685    9.6733


Err =

    4.3434    0.0388    4.1371    4.3157    0.0373


Err =

    4.3434    0.0388    4.1371    4.3157    0.0373    4.1614


ans =

   65.1795   65.1795   65.1794   75.5086


Computing finite-difference Hessian using objective function.

Solver stopped prematurely.

fminunc stopped because it exceeded the function evaluation limit,
options.MaxFunctionEvaluations = 3.000000e+02.

MAP of initial design based Posterior and err

D_ini =

    0.1461   -0.5913
   -0.5913    7.6907


Err =

    0.6724


Err =

    0.6724         0         0    0.7790

early terminal for design generation

ans =

  -99.8203  -99.8203  -99.8203   -6.4862


Computing finite-difference Hessian using objective function.

Local minimum possible.

fminunc stopped because the size of the current step is less than
the value of the step size tolerance.

MAP of sequential design based Posterior and err

D_seq =

    0.3536   -0.8272
   -0.8272    4.6953


Err =

    0.6724    0.0385         0    0.7790


Err =

    0.6724    0.0385         0    0.7790    0.0336


ans =

   21.2723   21.2723   21.2723   39.1041


Computing finite-difference Hessian using objective function.

Solver stopped prematurely.

fminunc stopped because it exceeded the function evaluation limit,
options.MaxFunctionEvaluations = 3.000000e+02.

MAP of SP design based Posterior and err

D_ini_only =

    0.1706   -0.7378
   -0.7378    7.8061


Err =

    0.6724    0.0385    0.6215    0.7790    0.0336


Err =

    0.6724    0.0385    0.6215    0.7790    0.0336    0.6203


Computing finite-difference Hessian using objective function.

Local minimum possible.

fminunc stopped because the size of the current step is less than
the value of the step size tolerance.

MAP of Simulator based Posterior

D =

    0.3562   -0.8516
   -0.8516    4.8464


D_true =

    0.6027   -1.3307
   -1.3307    4.5973


ans =

  493.2510  493.2510  493.2508  161.5869


Computing finite-difference Hessian using objective function.

Local minimum possible.

fminunc stopped because the size of the current step is less than
the value of the step size tolerance.

MAP of initial design based Posterior and err

D_ini =

    0.2123   -1.0484
   -1.0484    9.8877


Err =

    1.0922


Err =

    1.0922         0         0    1.0933

early terminal for design generation

ans =

 -112.8017 -112.8017 -112.8017   43.4156


Computing finite-difference Hessian using objective function.

Local minimum possible.

fminunc stopped because the size of the current step is less than
the value of the step size tolerance.

MAP of sequential design based Posterior and err

D_seq =

    0.5990   -1.2985
   -1.2985    4.4332


Err =

    1.0922    0.0397         0    1.0933


Err =

    1.0922    0.0397         0    1.0933    0.0381


ans =

  204.6269  204.6269  204.6269   31.2192


Computing finite-difference Hessian using objective function.

Local minimum possible.

fminunc stopped because the size of the current step is less than
the value of the step size tolerance.

MAP of SP design based Posterior and err

D_ini_only =

    0.5334   -2.0254
   -2.0254    9.5666


Err =

    1.0922    0.0397    1.0634    1.0933    0.0381


Err =

    1.0922    0.0397    1.0634    1.0933    0.0381    1.0780


ans =

   84.2797   84.2797   84.2794   92.7885


Computing finite-difference Hessian using objective function.

Solver stopped prematurely.

fminunc stopped because it exceeded the function evaluation limit,
options.MaxFunctionEvaluations = 3.000000e+02.

MAP of initial design based Posterior and err

D_ini =

    0.1591   -0.6892
   -0.6892    8.1420


Err =

    1.0527


Err =

    1.0527         0         0    1.0439

early terminal for design generation

ans =

   13.6362   13.6362   13.6362    3.9700


Computing finite-difference Hessian using objective function.

Local minimum possible.

fminunc stopped because the size of the current step is less than
the value of the step size tolerance.

MAP of sequential design based Posterior and err

D_seq =

    2.7608    4.3889
    4.3889    7.3392


Err =

    1.0527    4.4972         0    1.0439


Err =

    1.0527    4.4972         0    1.0439    4.2428


ans =

   30.3959   30.3959   30.3957   47.6261


Computing finite-difference Hessian using objective function.

Solver stopped prematurely.

fminunc stopped because it exceeded the function evaluation limit,
options.MaxFunctionEvaluations = 3.000000e+02.

MAP of SP design based Posterior and err

D_ini_only =

    0.1912   -0.8639
   -0.8639    8.2848


Err =

    1.0527    4.4972    0.9119    1.0439    4.2428


Err =

    1.0527    4.4972    0.9119    1.0439    4.2428    0.8684


Computing finite-difference Hessian using objective function.

Local minimum possible.

fminunc stopped because the size of the current step is less than
the value of the step size tolerance.

MAP of Simulator based Posterior

D =

    0.6035   -1.3314
   -1.3314    4.5903


D_true =

    2.8482   -2.3871
   -2.3871    2.3518


ans =

  706.1260  706.1260  706.1256  327.3883


Computing finite-difference Hessian using objective function.

Local minimum possible.

fminunc stopped because the size of the current step is less than
the value of the step size tolerance.

MAP of initial design based Posterior and err

D_ini =

    1.4681   -3.4165
   -3.4165    8.6319


Err =

    1.5018


Err =

    1.5018         0         0    1.7036

early terminal for design generation

ans =

 -108.5598 -108.5598 -108.5598   36.9978


Computing finite-difference Hessian using objective function.

Local minimum possible.

fminunc stopped because the size of the current step is less than
the value of the step size tolerance.

MAP of sequential design based Posterior and err

D_seq =

    2.9673   -2.4898
   -2.4898    2.4332


Err =

    1.5018    0.0471         0    1.7036


Err =

    1.5018    0.0471         0    1.7036    0.0468


ans =

  267.4550  267.4550  267.4550   75.5777


Computing finite-difference Hessian using objective function.

Local minimum possible.

fminunc stopped because the size of the current step is less than
the value of the step size tolerance.

MAP of SP design based Posterior and err

D_ini_only =

    1.6195   -3.5685
   -3.5685    8.4805


Err =

    1.5018    0.0471    1.4631    1.7036    0.0468


Err =

    1.5018    0.0471    1.4631    1.7036    0.0468    1.4970


ans =

  211.1165  211.1165  211.1160  235.2992


Computing finite-difference Hessian using objective function.

Local minimum possible.

fminunc stopped because the size of the current step is less than
the value of the step size tolerance.

MAP of initial design based Posterior and err

D_ini =

    0.8996   -1.3096
   -1.3096    2.2447


Err =

    0.7400


Err =

    0.7400         0         0    0.7345

early terminal for design generation

ans =

  -87.3889  -87.3889  -87.3889   26.8114


Computing finite-difference Hessian using objective function.

Local minimum possible.

fminunc stopped because the size of the current step is less than
the value of the step size tolerance.

MAP of sequential design based Posterior and err

D_seq =

    2.4337   -2.0103
   -2.0103    2.0203


Err =

    0.7400    0.1794         0    0.7345


Err =

    0.7400    0.1794         0    0.7345    0.1779


ans =

   43.1519   43.1519   43.1519  128.1721


Computing finite-difference Hessian using objective function.

Solver stopped prematurely.

fminunc stopped because it exceeded the function evaluation limit,
options.MaxFunctionEvaluations = 3.000000e+02.

MAP of SP design based Posterior and err

D_ini_only =

    5.1896   -4.3804
   -4.3804    3.8700


Err =

    0.7400    0.1794    0.7990    0.7345    0.1779


Err =

    0.7400    0.1794    0.7990    0.7345    0.1779    0.8361


Computing finite-difference Hessian using objective function.

Local minimum possible.

fminunc stopped because the size of the current step is less than
the value of the step size tolerance.

MAP of Simulator based Posterior

D =

    2.8531   -2.3895
   -2.3895    2.3519


D_true =

    1.8834   -2.2905
   -2.2905    3.3166


ans =

  515.2630  515.2630  515.2605  248.3241


Computing finite-difference Hessian using objective function.

Local minimum possible.

fminunc stopped because the size of the current step is less than
the value of the step size tolerance.

MAP of initial design based Posterior and err

D_ini =

    0.7082   -2.3772
   -2.3772    9.3918


Err =

    1.3524


Err =

    1.3524         0         0    1.3806

early terminal for design generation

ans =

 -101.4070 -101.4070 -101.4070   35.0142


Computing finite-difference Hessian using objective function.

Local minimum possible.

fminunc stopped because the size of the current step is less than
the value of the step size tolerance.

MAP of sequential design based Posterior and err

D_seq =

    1.8742   -2.2897
   -2.2897    3.3336


Err =

    1.3524    0.0061         0    1.3806


Err =

    1.3524    0.0061         0    1.3806    0.0059


ans =

  230.5231  230.5231  230.5231   53.2044


Computing finite-difference Hessian using objective function.

Local minimum possible.

fminunc stopped because the size of the current step is less than
the value of the step size tolerance.

MAP of SP design based Posterior and err

D_ini_only =

    1.1404   -3.0361
   -3.0361    8.9596


Err =

    1.3524    0.0061    1.2305    1.3806    0.0059


Err =

    1.3524    0.0061    1.2305    1.3806    0.0059    1.2305


ans =

  180.9223  180.9223  180.9223  175.5025


Computing finite-difference Hessian using objective function.

Local minimum possible.

fminunc stopped because the size of the current step is less than
the value of the step size tolerance.

MAP of initial design based Posterior and err

D_ini =

    0.8544   -2.6267
   -2.6267    9.2456


Err =

    1.3041


Err =

    1.3041         0         0    1.2021

early terminal for design generation

ans =

  -88.1670  -88.1670  -88.1670   37.6169


Computing finite-difference Hessian using objective function.

Local minimum possible.

fminunc stopped because it cannot decrease the objective function
along the current search direction.

MAP of sequential design based Posterior and err

D_seq =

    1.7354   -2.0926
   -2.0926    3.0560


Err =

    1.3041    0.0976         0    1.2021


Err =

    1.3041    0.0976         0    1.2021    0.0963


ans =

   65.4641   65.4641   65.4584   92.9594


Computing finite-difference Hessian using objective function.

Local minimum possible.

fminunc stopped because the size of the current step is less than
the value of the step size tolerance.

MAP of SP design based Posterior and err

D_ini_only =

    1.4900   -2.3148
   -2.3148    3.9551


Err =

    1.3041    0.0976    0.3026    1.2021    0.0963


Err =

    1.3041    0.0976    0.3026    1.2021    0.0963    0.2774


Computing finite-difference Hessian using objective function.

Local minimum possible.

fminunc stopped because the size of the current step is less than
the value of the step size tolerance.

MAP of Simulator based Posterior

D =

    1.8867   -2.2943
   -2.2943    3.3201

