MATLAB is selecting SOFTWARE OPENGL rendering.

                            < M A T L A B (R) >
                  Copyright 1984-2019 The MathWorks, Inc.
                  R2019a (9.6.0.1072779) 64-bit (glnxa64)
                               March 8, 2019

 
To get started, type doc.
For product information, visit www.mathworks.com.
 

D_true =

    3.7458   -2.1088
   -2.1088    1.4542

 
Exiting: Maximum number of function evaluations has been exceeded
         - increase MaxFunEvals option.
         Current function value: 830.818423 


ans =

  832.5938  832.5938  830.8184  309.3581


Computing finite-difference Hessian using objective function.

Local minimum possible.

fminunc stopped because the size of the current step is less than
the value of the step size tolerance.

[Warning: MATLAB has disabled some advanced graphics rendering features by
switching to software OpenGL. For more information, click <a
href="matlab:opengl('problems')">here</a>.] 
MAP of initial design based Posterior and err

D_ini =

    0.4964   -1.9408
   -1.9408    9.6020


Err =

    2.2587


Err =

    2.2587         0         0    2.1220

early terminal for design generation

ans =

  -98.8589  -98.8589  -98.8589   30.1205


Computing finite-difference Hessian using objective function.

Local minimum possible.

fminunc stopped because the size of the current step is less than
the value of the step size tolerance.

MAP of sequential design based Posterior and err

D_seq =

    4.1522   -2.3465
   -2.3465    1.5896


Err =

    2.2587    0.1196         0    2.1220


Err =

    2.2587    0.1196         0    2.1220    0.1213


ans =

  284.1376  284.1376  284.1375   68.1936


Computing finite-difference Hessian using objective function.

Local minimum possible.

fminunc stopped because the size of the current step is less than
the value of the step size tolerance.

MAP of SP design based Posterior and err

D_ini_only =

    2.1077   -3.9806
   -3.9806    7.9923


Err =

    2.2587    0.1196    1.7302    2.1220    0.1213


Err =

    2.2587    0.1196    1.7302    2.1220    0.1213    1.7650


ans =

  137.5704  137.5704  137.5703  219.6416


Computing finite-difference Hessian using objective function.

Solver stopped prematurely.

fminunc stopped because it exceeded the function evaluation limit,
options.MaxFunctionEvaluations = 3.000000e+02.

MAP of initial design based Posterior and err

D_ini =

    1.3964   -1.3224
   -1.3224    1.4490


Err =

    0.7578


Err =

    0.7578         0         0    0.7470

early terminal for design generation

ans =

  -91.3118  -91.3118  -91.3118   26.9642


Computing finite-difference Hessian using objective function.

Local minimum possible.

fminunc stopped because the size of the current step is less than
the value of the step size tolerance.

MAP of sequential design based Posterior and err

D_seq =

    3.4267   -1.9088
   -1.9088    1.3283


Err =

    0.7578    0.1026         0    0.7470


Err =

    0.7578    0.1026         0    0.7470    0.0990


ans =

  -25.2617  -25.2617  -25.2617  124.6605


Computing finite-difference Hessian using objective function.

Solver stopped prematurely.

fminunc stopped because it exceeded the function evaluation limit,
options.MaxFunctionEvaluations = 3.000000e+02.

MAP of SP design based Posterior and err

D_ini_only =

    4.9561   -2.7040
   -2.7040    1.6057


Err =

    0.7578    0.1026    0.3527    0.7470    0.0990


Err =

    0.7578    0.1026    0.3527    0.7470    0.0990    0.3711


Computing finite-difference Hessian using objective function.

Local minimum possible.

fminunc stopped because the size of the current step is less than
the value of the step size tolerance.

MAP of Simulator based Posterior

D =

    3.7380   -2.1073
   -2.1073    1.4550


D_true =

    0.2467   -0.4713
   -0.4713    4.9533


ans =

  455.8589  455.8589  455.8589  145.0593


Computing finite-difference Hessian using objective function.

Local minimum possible.

fminunc stopped because the size of the current step is less than
the value of the step size tolerance.

MAP of initial design based Posterior and err

D_ini =

    1.0766    2.9521
    2.9521    9.0234


Err =

    3.9733


Err =

    3.9733         0         0    3.9485

early terminal for design generation

ans =

 -102.1615 -102.1615 -102.1615   -4.3215


Computing finite-difference Hessian using objective function.

Local minimum possible.

fminunc stopped because it cannot decrease the objective function
along the current search direction.

MAP of sequential design based Posterior and err

D_seq =

    0.2523   -0.4644
   -0.4644    4.8139


Err =

    3.9733    0.0342         0    3.9485


Err =

    3.9733    0.0342         0    3.9485    0.0342


ans =

  237.1782  237.1782  237.1782   24.6301


Computing finite-difference Hessian using objective function.

Local minimum possible.

fminunc stopped because the size of the current step is less than
the value of the step size tolerance.

MAP of SP design based Posterior and err

D_ini_only =

    0.4855    1.9152
    1.9152    9.6145


Err =

    3.9733    0.0342    3.7476    3.9485    0.0342


Err =

    3.9733    0.0342    3.7476    3.9485    0.0342    3.7211


ans =

   69.9116   69.9116   69.9110   76.1106


Computing finite-difference Hessian using objective function.

Solver stopped prematurely.

fminunc stopped because it exceeded the function evaluation limit,
options.MaxFunctionEvaluations = 3.000000e+02.

MAP of initial design based Posterior and err

D_ini =

    0.1433   -0.5949
   -0.5949    8.2653


Err =

    0.7463


Err =

    0.7463         0         0    0.8917

early terminal for design generation

ans =

  -76.0743  -76.0743  -76.0743    3.3305


Computing finite-difference Hessian using objective function.

Local minimum possible.

fminunc stopped because the size of the current step is less than
the value of the step size tolerance.

MAP of sequential design based Posterior and err

D_seq =

    0.2628   -0.5287
   -0.5287    4.8229


Err =

    0.7463    0.1122         0    0.8917


Err =

    0.7463    0.1122         0    0.8917    0.0937


ans =

   30.6081   30.6081   30.6080   42.7897


Computing finite-difference Hessian using objective function.

Solver stopped prematurely.

fminunc stopped because it exceeded the function evaluation limit,
options.MaxFunctionEvaluations = 3.000000e+02.

MAP of SP design based Posterior and err

D_ini_only =

    0.1260   -0.2990
   -0.2990    3.5355


Err =

    0.7463    0.1122    0.3765    0.8917    0.0937


Err =

    0.7463    0.1122    0.3765    0.8917    0.0937    0.4054


Computing finite-difference Hessian using objective function.

Local minimum possible.

fminunc stopped because the size of the current step is less than
the value of the step size tolerance.

MAP of Simulator based Posterior

D =

    0.2463   -0.4701
   -0.4701    4.9699


D_true =

    4.9340   -0.5589
   -0.5589    0.2660


ans =

  370.2399  370.2399  370.2297  102.4391


Computing finite-difference Hessian using objective function.

Local minimum possible.

fminunc stopped because the size of the current step is less than
the value of the step size tolerance.

MAP of initial design based Posterior and err

D_ini =

    2.0379    3.9280
    3.9280    8.0618


Err =

    3.1163


Err =

    3.1163         0         0    3.1164

early terminal for design generation

ans =

  -98.1552  -98.1552  -98.1552   23.1661


Computing finite-difference Hessian using objective function.

Local minimum possible.

fminunc stopped because it cannot decrease the objective function
along the current search direction.

MAP of sequential design based Posterior and err

D_seq =

    5.2224   -0.5935
   -0.5935    0.2694


Err =

    3.1163    0.0645         0    3.1164


Err =

    3.1163    0.0645         0    3.1164    0.0621


ans =

  273.6407  273.6407  273.6398   27.9072


Computing finite-difference Hessian using objective function.

Local minimum possible.

fminunc stopped because the size of the current step is less than
the value of the step size tolerance.

MAP of SP design based Posterior and err

D_ini_only =

    1.0307   -2.8893
   -2.8893    9.0693


Err =

    3.1163    0.0645    2.9105    3.1164    0.0621


Err =

    3.1163    0.0645    2.9105    3.1164    0.0621    2.8996


ans =

   57.3484   57.3484   57.3484   79.7337


Computing finite-difference Hessian using objective function.

Local minimum possible.

fminunc stopped because the size of the current step is less than
the value of the step size tolerance.

MAP of initial design based Posterior and err

D_ini =

    9.1486    2.7756
    2.7756    0.9514


Err =

    1.4237


Err =

    1.4237         0         0    1.3947

early terminal for design generation

ans =

  -75.7436  -75.7436  -75.7436    8.4597


Computing finite-difference Hessian using objective function.

Local minimum possible.

fminunc stopped because the size of the current step is less than
the value of the step size tolerance.

MAP of sequential design based Posterior and err

D_seq =

    4.1152   -0.4945
   -0.4945    0.2587


Err =

    1.4237    0.1929         0    1.3947


Err =

    1.4237    0.1929         0    1.3947    0.2211


ans =

   62.4470   62.4470   62.4470   64.6922


Computing finite-difference Hessian using objective function.

Solver stopped prematurely.

fminunc stopped because it exceeded the function evaluation limit,
options.MaxFunctionEvaluations = 3.000000e+02.

MAP of SP design based Posterior and err

D_ini_only =

    8.8660    1.6390
    1.6390    0.4064


Err =

    1.4237    0.1929    1.1099    1.3947    0.2211


Err =

    1.4237    0.1929    1.1099    1.3947    0.2211    1.0621


Computing finite-difference Hessian using objective function.

Local minimum possible.

fminunc stopped because the size of the current step is less than
the value of the step size tolerance.

MAP of Simulator based Posterior

D =

    4.9267   -0.5597
   -0.5597    0.2662

