MATLAB is selecting SOFTWARE OPENGL rendering.

                            < M A T L A B (R) >
                  Copyright 1984-2019 The MathWorks, Inc.
                  R2019a (9.6.0.1072779) 64-bit (glnxa64)
                               March 8, 2019

 
To get started, type doc.
For product information, visit www.mathworks.com.
 

D_true =

    1.9688    2.3155
    2.3155    3.2312


ans =

   1.0e+03 *

    1.6629    1.6629    1.6629    0.8289


Computing finite-difference Hessian using objective function.

Local minimum possible.

fminunc stopped because the size of the current step is less than
the value of the step size tolerance.

[Warning: MATLAB has disabled some advanced graphics rendering features by
switching to software OpenGL. For more information, click <a
href="matlab:opengl('problems')">here</a>.] 
MAP of initial design based Posterior and err

D_ini =

    1.6146    3.5638
    3.5638    8.4854


Err =

    1.1644


Err =

    1.1644         0         0    1.1367


ans =

   69.2081   69.2081   69.2081   61.9156


Computing finite-difference Hessian using objective function.

Local minimum possible.

fminunc stopped because the size of the current step is less than
the value of the step size tolerance.

MAP of sequential design based Posterior and err

D_seq =

    8.5048    3.3299
    3.3299    2.5843


Err =

    1.1644    1.6503         0    1.1367


Err =

    1.1644    1.6503         0    1.1367    1.6507


ans =

  779.3360  779.3360  779.3360  200.5910


Computing finite-difference Hessian using objective function.

Local minimum possible.

fminunc stopped because the size of the current step is less than
the value of the step size tolerance.

MAP of SP design based Posterior and err

D_ini_only =

    1.0086    2.8582
    2.8582    9.0914


Err =

    1.1644    1.6503    1.2920    1.1367    1.6507


Err =

    1.1644    1.6503    1.2920    1.1367    1.6507    1.2675


ans =

  649.0752  649.0752  649.0751  649.6921


Computing finite-difference Hessian using objective function.

Local minimum possible.

fminunc stopped because the size of the current step is less than
the value of the step size tolerance.

MAP of initial design based Posterior and err

D_ini =

    3.0969    4.5484
    4.5484    7.0030


Err =

    1.0105


Err =

    1.0105         0         0    0.9802

early terminal for design generation

ans =

  -76.2567  -76.2567  -76.2567   10.7545


Computing finite-difference Hessian using objective function.

Local minimum possible.

fminunc stopped because the size of the current step is less than
the value of the step size tolerance.

MAP of sequential design based Posterior and err

D_seq =

    1.7987    2.0848
    2.0848    2.9192


Err =

    1.0105    0.1141         0    0.9802


Err =

    1.0105    0.1141         0    0.9802    0.1079


ans =

  214.8876  214.8876  214.8540  404.5333


Computing finite-difference Hessian using objective function.

Local minimum possible.

fminunc stopped because the size of the current step is less than
the value of the step size tolerance.

MAP of SP design based Posterior and err

D_ini_only =

    1.5166    2.2633
    2.2633    3.7161


Err =

    1.0105    0.1141    0.2860    0.9802    0.1079


Err =

    1.0105    0.1141    0.2860    0.9802    0.1079    0.2542


Computing finite-difference Hessian using objective function.

Local minimum possible.

fminunc stopped because it cannot decrease the objective function
along the current search direction.

MAP of Simulator based Posterior

D =

    1.9583    2.3034
    2.3034    3.2175


D_true =

    3.4216   -2.2550
   -2.2550    1.7784


ans =

  762.4552  762.4552  762.4552  316.3992


Computing finite-difference Hessian using objective function.

Local minimum possible.

fminunc stopped because the size of the current step is less than
the value of the step size tolerance.

MAP of initial design based Posterior and err

D_ini =

    1.0083   -2.8578
   -2.8578    9.0917


Err =

    1.8893


Err =

    1.8893         0         0    1.9221


ans =

  -75.1570  -75.1570  -75.1570   38.0674


Computing finite-difference Hessian using objective function.

Local minimum possible.

fminunc stopped because the size of the current step is less than
the value of the step size tolerance.

MAP of sequential design based Posterior and err

D_seq =

    4.0620   -2.7230
   -2.7230    2.1179


Err =

    1.8893    0.2118         0    1.9221


Err =

    1.8893    0.2118         0    1.9221    0.2140


ans =

  265.6950  265.6950  265.6946   69.9464


Computing finite-difference Hessian using objective function.

Local minimum possible.

fminunc stopped because the size of the current step is less than
the value of the step size tolerance.

MAP of SP design based Posterior and err

D_ini_only =

    1.5836   -3.5337
   -3.5337    8.5164


Err =

    1.8893    0.2118    1.7143    1.9221    0.2140


Err =

    1.8893    0.2118    1.7143    1.9221    0.2140    1.7156


ans =

  158.2202  158.2202  158.2202  225.8784


Computing finite-difference Hessian using objective function.

Local minimum possible.

fminunc stopped because the size of the current step is less than
the value of the step size tolerance.

MAP of initial design based Posterior and err

D_ini =

    1.2555   -1.3372
   -1.3372    1.6475


Err =

    0.7329


Err =

    0.7329         0         0    0.7886

early terminal for design generation

ans =

  -89.4402  -89.4402  -89.4402   28.6248


Computing finite-difference Hessian using objective function.

Local minimum possible.

fminunc stopped because the size of the current step is less than
the value of the step size tolerance.

MAP of sequential design based Posterior and err

D_seq =

    2.9679   -1.9246
   -1.9246    1.5426


Err =

    0.7329    0.1629         0    0.7886


Err =

    0.7329    0.1629         0    0.7886    0.1613


ans =

  -46.1510  -46.1510  -46.1510  126.1549


Computing finite-difference Hessian using objective function.

Local minimum possible.

fminunc stopped because the size of the current step is less than
the value of the step size tolerance.

MAP of SP design based Posterior and err

D_ini_only =

    4.6411   -3.1529
   -3.1529    2.3024


Err =

    0.7329    0.1629    0.4149    0.7886    0.1613


Err =

    0.7329    0.1629    0.4149    0.7886    0.1613    0.4169


Computing finite-difference Hessian using objective function.

Local minimum possible.

fminunc stopped because the size of the current step is less than
the value of the step size tolerance.

MAP of Simulator based Posterior

D =

    3.4157   -2.2514
   -2.2514    1.7744


D_true =

    4.6975    1.1664
    1.1664    0.5025


ans =

   1.0e+03 *

    1.2402    1.2402    1.2402    0.3589


Computing finite-difference Hessian using objective function.

Local minimum possible.

fminunc stopped because the size of the current step is less than
the value of the step size tolerance.

MAP of initial design based Posterior and err

D_ini =

    0.1369   -0.6036
   -0.6036    9.9631


Err =

    3.5997


Err =

    3.5997         0         0    3.6146


ans =

  -74.4613  -74.4613  -74.4613   28.8506


Computing finite-difference Hessian using objective function.

Local minimum possible.

fminunc stopped because the size of the current step is less than
the value of the step size tolerance.

MAP of sequential design based Posterior and err

D_seq =

    5.3971    1.3285
    1.3285    0.5507


Err =

    3.5997    0.1598         0    3.6146


Err =

    3.5997    0.1598         0    3.6146    0.1584


ans =

  761.9943  761.9943  761.9935  107.4785


Computing finite-difference Hessian using objective function.

Local minimum possible.

fminunc stopped because the size of the current step is less than
the value of the step size tolerance.

MAP of SP design based Posterior and err

D_ini_only =

    0.8324   -2.5913
   -2.5913    9.2675


Err =

    3.5997    0.1598    3.6593    3.6146    0.1584


Err =

    3.5997    0.1598    3.6593    3.6146    0.1584    3.6926


ans =

  264.3953  264.3953  264.3952  277.7686


Computing finite-difference Hessian using objective function.

Local minimum possible.

fminunc stopped because the size of the current step is less than
the value of the step size tolerance.

MAP of initial design based Posterior and err

D_ini =

    8.9120    3.0963
    3.0963    1.1880


Err =

    0.9664


Err =

    0.9664         0         0    0.9652

early terminal for design generation

ans =

  -80.3687  -80.3687  -80.3687   23.0687


Computing finite-difference Hessian using objective function.

Local minimum possible.

fminunc stopped because the size of the current step is less than
the value of the step size tolerance.

MAP of sequential design based Posterior and err

D_seq =

    5.2477    1.3239
    1.3239    0.5415


Err =

    0.9664    0.1298         0    0.9652


Err =

    0.9664    0.1298         0    0.9652    0.1266


ans =

  217.4021  217.4021  217.4020  202.3909


Computing finite-difference Hessian using objective function.

Local minimum possible.

fminunc stopped because the size of the current step is less than
the value of the step size tolerance.

MAP of SP design based Posterior and err

D_ini_only =

    9.4451    2.2772
    2.2772    0.6549


Err =

    0.9664    0.1298    0.9382    0.9652    0.1266


Err =

    0.9664    0.1298    0.9382    0.9652    0.1266    0.9352


Computing finite-difference Hessian using objective function.

Local minimum possible.

fminunc stopped because the size of the current step is less than
the value of the step size tolerance.

MAP of Simulator based Posterior

D =

    4.6942    1.1656
    1.1656    0.5023


D_true =

    4.6508    1.2467
    1.2467    0.5492


ans =

   1.0e+03 *

    1.0189    1.0189    1.0189    0.3834


Computing finite-difference Hessian using objective function.

Local minimum possible.

fminunc stopped because the size of the current step is less than
the value of the step size tolerance.

MAP of initial design based Posterior and err

D_ini =

    2.1398    4.0042
    4.0042    7.9602


Err =

    2.2786


Err =

    2.2786         0         0    2.2796

early terminal for design generation

ans =

  -82.6350  -82.6350  -82.6350   35.8813


Computing finite-difference Hessian using objective function.

Local minimum possible.

fminunc stopped because the size of the current step is less than
the value of the step size tolerance.

MAP of sequential design based Posterior and err

D_seq =

    5.1302    1.4525
    1.4525    0.6355


Err =

    2.2786    0.1259         0    2.2796


Err =

    2.2786    0.1259         0    2.2796    0.1225

 
Exiting: Maximum number of function evaluations has been exceeded
         - increase MaxFunEvals option.
         Current function value: 817.451032 


ans =

  818.1563  818.1563  817.4510  112.9671


Computing finite-difference Hessian using objective function.

Local minimum possible.

fminunc stopped because the size of the current step is less than
the value of the step size tolerance.

MAP of SP design based Posterior and err

D_ini_only =

    0.7659   -2.4797
   -2.4797    9.3341


Err =

    2.2786    0.1259    3.7070    2.2796    0.1225


Err =

    2.2786    0.1259    3.7070    2.2796    0.1225    3.7400


ans =

  289.1592  289.1592  289.1591  296.2429


Computing finite-difference Hessian using objective function.

Local minimum possible.

fminunc stopped because the size of the current step is less than
the value of the step size tolerance.

MAP of initial design based Posterior and err

D_ini =

    8.7060    3.3371
    3.3371    1.3940


Err =

    0.9756


Err =

    0.9756         0         0    0.9817

early terminal for design generation

ans =

  -86.6599  -86.6599  -86.6599   24.5599


Computing finite-difference Hessian using objective function.

Local minimum possible.

fminunc stopped because the size of the current step is less than
the value of the step size tolerance.

MAP of sequential design based Posterior and err

D_seq =

    5.0683    1.3660
    1.3660    0.5875


Err =

    0.9756    0.0991         0    0.9817


Err =

    0.9756    0.0991         0    0.9817    0.0988


ans =

  226.6711  226.6711  226.6711  210.8085


Computing finite-difference Hessian using objective function.

Local minimum possible.

fminunc stopped because the size of the current step is less than
the value of the step size tolerance.

MAP of SP design based Posterior and err

D_ini_only =

    9.3914    2.3779
    2.3779    0.7086


Err =

    0.9756    0.0991    0.9394    0.9817    0.0988


Err =

    0.9756    0.0991    0.9394    0.9817    0.0988    0.9358


Computing finite-difference Hessian using objective function.

Local minimum possible.

fminunc stopped because it cannot decrease the objective function
along the current search direction.

MAP of Simulator based Posterior

D =

    4.6547    1.2497
    1.2497    0.5507


D_true =

    4.9629    0.4202
    0.4202    0.2371


ans =

  467.3543  467.3543  467.3543  149.0365


Computing finite-difference Hessian using objective function.

Local minimum possible.

fminunc stopped because the size of the current step is less than
the value of the step size tolerance.

MAP of initial design based Posterior and err

D_ini =

    4.0602    4.8500
    4.8500    6.0398


Err =

    2.2290


Err =

    2.2290         0         0    2.2016

early terminal for design generation

ans =

 -108.9341 -108.9341 -108.9341   13.1492


Computing finite-difference Hessian using objective function.

Local minimum possible.

fminunc stopped because the size of the current step is less than
the value of the step size tolerance.

MAP of sequential design based Posterior and err

D_seq =

    4.8592    0.3912
    0.3912    0.2350


Err =

    2.2290    0.0260         0    2.2016


Err =

    2.2290    0.0260         0    2.2016    0.0258


ans =

  418.0757  418.0757  418.0756   42.6669


Computing finite-difference Hessian using objective function.

Local minimum possible.

fminunc stopped because the size of the current step is less than
the value of the step size tolerance.

MAP of SP design based Posterior and err

D_ini_only =

    0.7386    2.4319
    2.4319    9.3614


Err =

    2.2290    0.0260    3.0592    2.2016    0.0258


Err =

    2.2290    0.0260    3.0592    2.2016    0.0258    3.0593


ans =

   50.4984   50.4984   50.4984  115.5117


Computing finite-difference Hessian using objective function.

Solver stopped prematurely.

fminunc stopped because it exceeded the function evaluation limit,
options.MaxFunctionEvaluations = 3.000000e+02.

MAP of initial design based Posterior and err

D_ini =

    9.6900    1.3451
    1.3451    0.2887


Err =

    0.9271


Err =

    0.9271         0         0    0.8973

early terminal for design generation

ans =

  -95.2730  -95.2730  -95.2730    1.8300


Computing finite-difference Hessian using objective function.

Local minimum possible.

fminunc stopped because the size of the current step is less than
the value of the step size tolerance.

MAP of sequential design based Posterior and err

D_seq =

    5.3031    0.4564
    0.4564    0.2375


Err =

    0.9271    0.0758         0    0.8973


Err =

    0.9271    0.0758         0    0.8973    0.0745


ans =

   94.5406   94.5406   94.5406  100.1852


Computing finite-difference Hessian using objective function.

Solver stopped prematurely.

fminunc stopped because it exceeded the function evaluation limit,
options.MaxFunctionEvaluations = 3.000000e+02.

MAP of SP design based Posterior and err

D_ini_only =

    7.9487    1.6644
    1.6644    0.4530


Err =

    0.9271    0.0758    0.7261    0.8973    0.0745


Err =

    0.9271    0.0758    0.7261    0.8973    0.0745    0.7319


Computing finite-difference Hessian using objective function.

Local minimum possible.

fminunc stopped because it cannot decrease the objective function
along the current search direction.

MAP of Simulator based Posterior

D =

    4.9765    0.4235
    0.4235    0.2376

