MATLAB is selecting SOFTWARE OPENGL rendering.

                            < M A T L A B (R) >
                  Copyright 1984-2019 The MathWorks, Inc.
                  R2019a (9.6.0.1072779) 64-bit (glnxa64)
                               March 8, 2019

 
To get started, type doc.
For product information, visit www.mathworks.com.
 

D_true =

    3.7595   -2.1013
   -2.1013    1.4405


ans =

  815.0698  815.0698  814.4603  308.6366


Computing finite-difference Hessian using objective function.

Local minimum possible.

fminunc stopped because the size of the current step is less than
the value of the step size tolerance.

[Warning: MATLAB has disabled some advanced graphics rendering features by
switching to software OpenGL. For more information, click <a
href="matlab:opengl('problems')">here</a>.] 
MAP of initial design based Posterior and err

D_ini =

    0.7604   -2.4701
   -2.4701    9.3384


Err =

    2.1436


Err =

    2.1436         0         0    2.0465

early terminal for design generation

ans =

  -97.5308  -97.5308  -97.5308   40.6661


Computing finite-difference Hessian using objective function.

Local minimum possible.

fminunc stopped because the size of the current step is less than
the value of the step size tolerance.

MAP of sequential design based Posterior and err

D_seq =

    4.2114   -2.3314
   -2.3314    1.5467


Err =

    2.1436    0.1251         0    2.0465


Err =

    2.1436    0.1251         0    2.0465    0.1234


ans =

  284.7828  284.7828  284.7827   68.0066


Computing finite-difference Hessian using objective function.

Local minimum possible.

fminunc stopped because the size of the current step is less than
the value of the step size tolerance.

MAP of SP design based Posterior and err

D_ini_only =

    1.8795   -3.8014
   -3.8014    8.2205


Err =

    2.1436    0.1251    1.7948    2.0465    0.1234


Err =

    2.1436    0.1251    1.7948    2.0465    0.1234    1.8297


ans =

  136.8982  136.8982  136.8964  218.8781


Computing finite-difference Hessian using objective function.

Solver stopped prematurely.

fminunc stopped because it exceeded the function evaluation limit,
options.MaxFunctionEvaluations = 3.000000e+02.

MAP of initial design based Posterior and err

D_ini =

    1.3965   -1.3147
   -1.3147    1.4332


Err =

    0.7613


Err =

    0.7613         0         0    0.8025

early terminal for design generation

ans =

  -90.6651  -90.6651  -90.6651   26.8543


Computing finite-difference Hessian using objective function.

Local minimum possible.

fminunc stopped because the size of the current step is less than
the value of the step size tolerance.

MAP of sequential design based Posterior and err

D_seq =

    3.4233   -1.8924
   -1.8924    1.3120


Err =

    0.7613    0.1076         0    0.8025


Err =

    0.7613    0.1076         0    0.8025    0.1047


ans =

  -22.7478  -22.7478  -22.7478  124.3509


Computing finite-difference Hessian using objective function.

Solver stopped prematurely.

fminunc stopped because it exceeded the function evaluation limit,
options.MaxFunctionEvaluations = 3.000000e+02.

MAP of SP design based Posterior and err

D_ini_only =

    4.9814   -2.6860
   -2.6860    1.5779


Err =

    0.7613    0.1076    0.3527    0.8025    0.1047


Err =

    0.7613    0.1076    0.3527    0.8025    0.1047    0.3589


Computing finite-difference Hessian using objective function.

Local minimum possible.

fminunc stopped because the size of the current step is less than
the value of the step size tolerance.

MAP of Simulator based Posterior

D =

    3.7516   -2.0998
   -2.0998    1.4413


D_true =

    2.1361    2.3547
    2.3547    3.0639


ans =

   1.0e+03 *

    1.5904    1.5904    1.5904    0.8114


Computing finite-difference Hessian using objective function.

Local minimum possible.

fminunc stopped because the size of the current step is less than
the value of the step size tolerance.

MAP of initial design based Posterior and err

D_ini =

    1.0949    2.9765
    2.9765    9.0051


Err =

    1.3295


Err =

    1.3295         0         0    1.3055

early terminal for design generation

ans =

  -76.5932  -76.5932  -76.5932   20.4996


Computing finite-difference Hessian using objective function.

Local minimum possible.

fminunc stopped because the size of the current step is less than
the value of the step size tolerance.

MAP of sequential design based Posterior and err

D_seq =

    1.7672    1.9479
    1.9479    2.6312


Err =

    1.3295    0.1972         0    1.3055


Err =

    1.3295    0.1972         0    1.3055    0.1971


ans =

  742.7723  742.7723  742.7722  198.6069


Computing finite-difference Hessian using objective function.

Local minimum possible.

fminunc stopped because the size of the current step is less than
the value of the step size tolerance.

MAP of SP design based Posterior and err

D_ini_only =

    1.2516    3.1740
    3.1740    8.8484


Err =

    1.3295    0.1972    1.2902    1.3055    0.1971


Err =

    1.3295    0.1972    1.2902    1.3055    0.1971    1.2653


ans =

  649.4288  649.4288  649.4284  648.4154


Computing finite-difference Hessian using objective function.

Local minimum possible.

fminunc stopped because the size of the current step is less than
the value of the step size tolerance.

MAP of initial design based Posterior and err

D_ini =

    3.1744    4.5808
    4.5808    6.9254


Err =

    1.0194


Err =

    1.0194         0         0    0.9561

early terminal for design generation

ans =

  -39.9924  -39.9924  -39.9924   19.1520


Computing finite-difference Hessian using objective function.

Local minimum possible.

fminunc stopped because the size of the current step is less than
the value of the step size tolerance.

MAP of sequential design based Posterior and err

D_seq =

    1.3407    1.4873
    1.4873    2.1386


Err =

    1.0194    0.4462         0    0.9561


Err =

    1.0194    0.4462         0    0.9561    0.3649


ans =

  244.2600  244.2600  244.2574  413.5438


Computing finite-difference Hessian using objective function.

Local minimum possible.

fminunc stopped because the size of the current step is less than
the value of the step size tolerance.

MAP of SP design based Posterior and err

D_ini_only =

    1.6720    2.4451
    2.4451    3.9032


Err =

    1.0194    0.4462    0.3453    0.9561    0.3649


Err =

    1.0194    0.4462    0.3453    0.9561    0.3649    0.3491


Computing finite-difference Hessian using objective function.

Local minimum possible.

fminunc stopped because the size of the current step is less than
the value of the step size tolerance.

MAP of Simulator based Posterior

D =

    2.1411    2.3600
    2.3600    3.0693


D_true =

    1.5525    2.1594
    2.1594    3.6475


ans =

   1.0e+03 *

    2.0425    2.0425    2.0425    0.8503


Computing finite-difference Hessian using objective function.

Local minimum possible.

fminunc stopped because the size of the current step is less than
the value of the step size tolerance.

MAP of initial design based Posterior and err

D_ini =

    0.2748    1.3037
    1.3037    9.8252


Err =

    1.5202


Err =

    1.5202         0         0    1.1393


ans =

   78.2043   78.2043   78.2038   54.2834


Computing finite-difference Hessian using objective function.

Local minimum possible.

fminunc stopped because the size of the current step is less than
the value of the step size tolerance.

MAP of sequential design based Posterior and err

D_seq =

    0.3692    0.2523
    0.2523    9.9934


Err =

    1.5202    2.7530         0    1.1393


Err =

    1.5202    2.7530         0    1.1393    2.7171


ans =

  861.9745  861.9745  861.9743  197.9126


Computing finite-difference Hessian using objective function.

Local minimum possible.

fminunc stopped because the size of the current step is less than
the value of the step size tolerance.

MAP of SP design based Posterior and err

D_ini_only =

    0.8450    2.6115
    2.6115    9.2550


Err =

    1.5202    2.7530    1.1899    1.1393    2.7171


Err =

    1.5202    2.7530    1.1899    1.1393    2.7171    1.1636


ans =

  624.2615  624.2615  624.2542  631.4019


Computing finite-difference Hessian using objective function.

Local minimum possible.

fminunc stopped because the size of the current step is less than
the value of the step size tolerance.

MAP of initial design based Posterior and err

D_ini =

    2.5277    4.2586
    4.2586    7.5701


Err =

    1.0210


Err =

    1.0210         0         0    1.0151

early terminal for design generation

ans =

  -86.4928  -86.4928  -86.4928   16.5634


Computing finite-difference Hessian using objective function.

Local minimum possible.

fminunc stopped because it cannot decrease the objective function
along the current search direction.

MAP of sequential design based Posterior and err

D_seq =

    1.5973    2.1916
    2.1916    3.6413


Err =

    1.0210    0.0189         0    1.0151


Err =

    1.0210    0.0189         0    1.0151    0.0206


ans =

  214.6164  214.6164  214.6026  374.4969


Computing finite-difference Hessian using objective function.

Local minimum possible.

fminunc stopped because the size of the current step is less than
the value of the step size tolerance.

MAP of SP design based Posterior and err

D_ini_only =

    1.1431    2.0559
    2.0559    4.1524


Err =

    1.0210    0.0189    0.2896    1.0151    0.0206


Err =

    1.0210    0.0189    0.2896    1.0151    0.0206    0.2853


Computing finite-difference Hessian using objective function.

Local minimum possible.

fminunc stopped because the size of the current step is less than
the value of the step size tolerance.

MAP of Simulator based Posterior

D =

    1.5542    2.1620
    2.1620    3.6516


D_true =

    4.8282    0.8917
    0.8917    0.3718


ans =

  958.5798  958.5798  958.5789  251.1812


Computing finite-difference Hessian using objective function.

Local minimum possible.

fminunc stopped because the size of the current step is less than
the value of the step size tolerance.

MAP of initial design based Posterior and err

D_ini =

    0.1317   -0.5591
   -0.5591    9.9683


Err =

    3.5281


Err =

    3.5281         0         0    3.5412

early terminal for design generation

ans =

  -97.3617  -97.3617  -97.3617   46.9669


Computing finite-difference Hessian using objective function.

Local minimum possible.

fminunc stopped because the size of the current step is less than
the value of the step size tolerance.

MAP of sequential design based Posterior and err

D_seq =

    4.8579    0.8696
    0.8696    0.3691


Err =

    3.5281    0.0148         0    3.5412


Err =

    3.5281    0.0148         0    3.5412    0.0145

 
Exiting: Maximum number of function evaluations has been exceeded
         - increase MaxFunEvals option.
         Current function value: 600.269389 


ans =

  601.0105  601.0105  600.2694   72.2256


Computing finite-difference Hessian using objective function.

Local minimum possible.

fminunc stopped because the size of the current step is less than
the value of the step size tolerance.

MAP of SP design based Posterior and err

D_ini_only =

    0.6134    2.1953
    2.1953    9.4865


Err =

    3.5281    0.0148    2.9019    3.5412    0.0145


Err =

    3.5281    0.0148    2.9019    3.5412    0.0145    2.9020


ans =

  151.5988  151.5988  151.5987  193.5020


Computing finite-difference Hessian using objective function.

Local minimum possible.

fminunc stopped because the size of the current step is less than
the value of the step size tolerance.

MAP of initial design based Posterior and err

D_ini =

    9.3620    2.4309
    2.4309    0.7380


Err =

    0.9546


Err =

    0.9546         0         0    0.9039

early terminal for design generation

ans =

  -79.1977  -79.1977  -79.1977   14.7734


Computing finite-difference Hessian using objective function.

Local minimum possible.

fminunc stopped because the size of the current step is less than
the value of the step size tolerance.

MAP of sequential design based Posterior and err

D_seq =

    5.4931    1.0344
    1.0344    0.4118


Err =

    0.9546    0.1511         0    0.9039


Err =

    0.9546    0.1511         0    0.9039    0.1494


ans =

  199.1494  199.1494  199.1494  148.7023


Computing finite-difference Hessian using objective function.

Local minimum possible.

fminunc stopped because the size of the current step is less than
the value of the step size tolerance.

MAP of SP design based Posterior and err

D_ini_only =

    0.1006   -0.0786
   -0.0786    9.9994


Err =

    0.9546    0.1511    3.3523    0.9039    0.1494


Err =

    0.9546    0.1511    3.3523    0.9039    0.1494    3.3512


Computing finite-difference Hessian using objective function.

Local minimum possible.

fminunc stopped because the size of the current step is less than
the value of the step size tolerance.

MAP of Simulator based Posterior

D =

    4.8269    0.8918
    0.8918    0.3718

