MATLAB is selecting SOFTWARE OPENGL rendering.

                            < M A T L A B (R) >
                  Copyright 1984-2019 The MathWorks, Inc.
                  R2019a (9.6.0.1072779) 64-bit (glnxa64)
                               March 8, 2019

 
To get started, type doc.
For product information, visit www.mathworks.com.
 

D_true =

    2.4359    2.3944
    2.3944    2.7641


ans =

   1.0e+03 *

    1.6161    1.6161    1.6161    0.7887


Computing finite-difference Hessian using objective function.

Local minimum possible.

fminunc stopped because the size of the current step is less than
the value of the step size tolerance.

[Warning: MATLAB has disabled some advanced graphics rendering features by
switching to software OpenGL. For more information, click <a
href="matlab:opengl('problems')">here</a>.] 
MAP of initial design based Posterior and err

D_ini =

    0.9560    2.7823
    2.7823    9.1440


Err =

    1.4853


Err =

    1.4853         0         0    1.4634

early terminal for design generation

ans =

  -60.1056  -60.1056  -60.1056   33.3393


Computing finite-difference Hessian using objective function.

Local minimum possible.

fminunc stopped because the size of the current step is less than
the value of the step size tolerance.

MAP of sequential design based Posterior and err

D_seq =

    1.7675    1.7039
    1.7039    2.0498


Err =

    1.4853    0.3424         0    1.4634


Err =

    1.4853    0.3424         0    1.4634    0.3357


ans =

  728.9387  728.9387  728.5562  189.7680


Computing finite-difference Hessian using objective function.

Local minimum possible.

fminunc stopped because the size of the current step is less than
the value of the step size tolerance.

MAP of SP design based Posterior and err

D_ini_only =

    1.3127    3.2458
    3.2458    8.7873


Err =

    1.4853    0.3424    1.3831    1.4634    0.3357


Err =

    1.4853    0.3424    1.3831    1.4634    0.3357    1.3594


ans =

  643.7644  643.7644  643.7643  639.4525


Computing finite-difference Hessian using objective function.

Local minimum possible.

fminunc stopped because the size of the current step is less than
the value of the step size tolerance.

MAP of initial design based Posterior and err

D_ini =

    3.4328    4.6784
    4.6784    6.6671


Err =

    1.0380


Err =

    1.0380         0         0    1.0016

early terminal for design generation

ans =

  -73.4992  -73.4992  -73.4992   45.5518


Computing finite-difference Hessian using objective function.

Local minimum possible.

fminunc stopped because the size of the current step is less than
the value of the step size tolerance.

MAP of sequential design based Posterior and err

D_seq =

    1.9522    1.8927
    1.8927    2.2354


Err =

    1.0380    0.2430         0    1.0016


Err =

    1.0380    0.2430         0    1.0016    0.2371


ans =

  304.7127  304.7127  304.6256  420.0591


Computing finite-difference Hessian using objective function.

Local minimum possible.

fminunc stopped because the size of the current step is less than
the value of the step size tolerance.

MAP of SP design based Posterior and err

D_ini_only =

    1.7365    2.7395
    2.7395    4.6860


Err =

    1.0380    0.2430    0.5977    1.0016    0.2371


Err =

    1.0380    0.2430    0.5977    1.0016    0.2371    0.6161


Computing finite-difference Hessian using objective function.

Local minimum possible.

fminunc stopped because the size of the current step is less than
the value of the step size tolerance.

MAP of Simulator based Posterior

D =

    2.4317    2.3906
    2.3906    2.7610


D_true =

    0.7080    1.4766
    1.4766    4.4920


ans =

   1.0e+03 *

    1.1099    1.1099    1.1099    0.4618


Computing finite-difference Hessian using objective function.

Local minimum possible.

fminunc stopped because the size of the current step is less than
the value of the step size tolerance.

MAP of initial design based Posterior and err

D_ini =

    1.1378    3.0326
    3.0326    8.9622


Err =

    1.1393


Err =

    1.1393         0         0    1.1119


ans =

  -91.9354  -91.9354  -91.9354   22.8440


Computing finite-difference Hessian using objective function.

Local minimum possible.

fminunc stopped because the size of the current step is less than
the value of the step size tolerance.

MAP of sequential design based Posterior and err

D_seq =

    0.6538    1.3513
    1.3513    4.2038


Err =

    1.1393    0.0899         0    1.1119


Err =

    1.1393    0.0899         0    1.1119    0.0868


ans =

  490.8598  490.8598  490.8598   92.8559


Computing finite-difference Hessian using objective function.

Local minimum possible.

fminunc stopped because the size of the current step is less than
the value of the step size tolerance.

MAP of SP design based Posterior and err

D_ini_only =

    0.5928    2.1530
    2.1530    9.5072


Err =

    1.1393    0.0899    1.0499    1.1119    0.0868


Err =

    1.1393    0.0899    1.0499    1.1119    0.0868    1.0196


ans =

  261.9559  261.9559  261.8895  283.7046


Computing finite-difference Hessian using objective function.

Local minimum possible.

fminunc stopped because the size of the current step is less than
the value of the step size tolerance.

MAP of initial design based Posterior and err

D_ini =

    0.1861    0.9192
    0.9192    9.9139


Err =

    1.2592


Err =

    1.2592         0         0    1.2336

early terminal for design generation

ans =

 -101.7581 -101.7581 -101.7581   12.5710


Computing finite-difference Hessian using objective function.

Local minimum possible.

fminunc stopped because the size of the current step is less than
the value of the step size tolerance.

MAP of sequential design based Posterior and err

D_seq =

    0.7151    1.5014
    1.5014    4.5665


Err =

    1.2592    0.0211         0    1.2336


Err =

    1.2592    0.0211         0    1.2336    0.0212


ans =

  157.0398  157.0398  157.0394  176.8790


Computing finite-difference Hessian using objective function.

Local minimum possible.

fminunc stopped because the size of the current step is less than
the value of the step size tolerance.

MAP of SP design based Posterior and err

D_ini_only =

    0.5587    1.7529
    1.7529    6.7989


Err =

    1.2592    0.0211    0.5997    1.2336    0.0212


Err =

    1.2592    0.0211    0.5997    1.2336    0.0212    0.5913


Computing finite-difference Hessian using objective function.

Local minimum possible.

fminunc stopped because the size of the current step is less than
the value of the step size tolerance.

MAP of Simulator based Posterior

D =

    0.7111    1.4841
    1.4841    4.5094


D_true =

    0.6319    1.3735
    1.3735    4.5681

 
Exiting: Maximum number of function evaluations has been exceeded
         - increase MaxFunEvals option.
         Current function value: 1091.881200 


ans =

   1.0e+03 *

    1.0931    1.0931    1.0919    0.4334


Computing finite-difference Hessian using objective function.

Local minimum possible.

fminunc stopped because the size of the current step is less than
the value of the step size tolerance.

MAP of initial design based Posterior and err

D_ini =

    0.5229    2.0019
    2.0019    9.5771


Err =

    1.0506


Err =

    1.0506         0         0    1.1466


ans =

  -96.2674  -96.2674  -96.2674   23.1074


Computing finite-difference Hessian using objective function.

Local minimum possible.

fminunc stopped because the size of the current step is less than
the value of the step size tolerance.

MAP of sequential design based Posterior and err

D_seq =

    0.6728    1.4775
    1.4775    4.8449


Err =

    1.0506    0.0780         0    1.1466


Err =

    1.0506    0.0780         0    1.1466    0.0772


ans =

  471.8182  471.8182  471.8181   88.1294


Computing finite-difference Hessian using objective function.

Local minimum possible.

fminunc stopped because the size of the current step is less than
the value of the step size tolerance.

MAP of SP design based Posterior and err

D_ini_only =

    0.5112    1.9753
    1.9753    9.5888


Err =

    1.0506    0.0780    1.0474    1.1466    0.0772


Err =

    1.0506    0.0780    1.0474    1.1466    0.0772    1.0166


ans =

  211.2412  211.2412  211.2409  261.2017


Computing finite-difference Hessian using objective function.

Local minimum possible.

fminunc stopped because the size of the current step is less than
the value of the step size tolerance.

MAP of initial design based Posterior and err

D_ini =

    0.6155    2.1994
    2.1994    9.4844


Err =

    1.0758


Err =

    1.0758         0         0    1.0604


ans =

  -95.2449  -95.2449  -95.2449   27.5915


Computing finite-difference Hessian using objective function.

Local minimum possible.

fminunc stopped because the size of the current step is less than
the value of the step size tolerance.

MAP of sequential design based Posterior and err

D_seq =

    0.6915    1.5201
    1.5201    4.9289


Err =

    1.0758    0.1066         0    1.0604


Err =

    1.0758    0.1066         0    1.0604    0.1056


ans =

  158.6684  158.6684  158.6683  166.8127


Computing finite-difference Hessian using objective function.

Local minimum possible.

fminunc stopped because the size of the current step is less than
the value of the step size tolerance.

MAP of SP design based Posterior and err

D_ini_only =

    0.5435    1.8500
    1.8500    7.8179


Err =

    1.0758    0.1066    0.7842    1.0604    0.1056


Err =

    1.0758    0.1066    0.7842    1.0604    0.1056    0.7444


Computing finite-difference Hessian using objective function.

Local minimum possible.

fminunc stopped because the size of the current step is less than
the value of the step size tolerance.

MAP of Simulator based Posterior

D =

    0.6347    1.3806
    1.3806    4.5853


D_true =

    4.9709   -0.3728
   -0.3728    0.2291


ans =

  353.7213  353.7213  353.7208   93.1441


Computing finite-difference Hessian using objective function.

Local minimum possible.

fminunc stopped because the size of the current step is less than
the value of the step size tolerance.

MAP of initial design based Posterior and err

D_ini =

    2.0664    3.9497
    3.9497    8.0336


Err =

    3.0307


Err =

    3.0307         0         0    2.7926

early terminal for design generation

ans =

 -107.1717 -107.1717 -107.1717   20.8005


Computing finite-difference Hessian using objective function.

Local minimum possible.

fminunc stopped because it cannot decrease the objective function
along the current search direction.

MAP of sequential design based Posterior and err

D_seq =

    5.2831   -0.3885
   -0.3885    0.2276


Err =

    3.0307    0.0690         0    2.7926


Err =

    3.0307    0.0690         0    2.7926    0.0650


ans =

  274.2608  274.2608  274.2602   24.5854


Computing finite-difference Hessian using objective function.

Local minimum possible.

fminunc stopped because the size of the current step is less than
the value of the step size tolerance.

MAP of SP design based Posterior and err

D_ini_only =

    0.9494   -2.7727
   -2.7727    9.1505


Err =

    3.0307    0.0690    3.0138    2.7926    0.0650


Err =

    3.0307    0.0690    3.0138    2.7926    0.0650    3.0478


ans =

   33.3819   33.3819   33.3819   71.4409


Computing finite-difference Hessian using objective function.

Local minimum possible.

fminunc stopped because the size of the current step is less than
the value of the step size tolerance.

MAP of initial design based Posterior and err

D_ini =

    9.5502    2.0616
    2.0616    0.5498


Err =

    1.2053


Err =

    1.2053         0         0    1.2000

early terminal for design generation

ans =

  -92.7715  -92.7715  -92.7715    4.8362


Computing finite-difference Hessian using objective function.

Local minimum possible.

fminunc stopped because the size of the current step is less than
the value of the step size tolerance.

MAP of sequential design based Posterior and err

D_seq =

    4.9498   -0.3496
   -0.3496    0.2209


Err =

    1.2053    0.0125         0    1.2000


Err =

    1.2053    0.0125         0    1.2000    0.0132


ans =

   53.6183   53.6183   53.6183   61.9386


Computing finite-difference Hessian using objective function.

Solver stopped prematurely.

fminunc stopped because it exceeded the function evaluation limit,
options.MaxFunctionEvaluations = 3.000000e+02.

MAP of SP design based Posterior and err

D_ini_only =

    8.1020    1.4668
    1.4668    0.3689


Err =

    1.2053    0.0125    0.9287    1.2000    0.0132


Err =

    1.2053    0.0125    0.9287    1.2000    0.0132    1.0063

