MATLAB is selecting SOFTWARE OPENGL rendering.

                            < M A T L A B (R) >
                  Copyright 1984-2019 The MathWorks, Inc.
                  R2019a (9.6.0.1072779) 64-bit (glnxa64)
                               March 8, 2019

 
To get started, type doc.
For product information, visit www.mathworks.com.
 

D_true =

    2.4219    2.3934
    2.3934    2.7781


ans =

   1.0e+03 *

    1.6111    1.6111    1.6111    0.7874


Computing finite-difference Hessian using objective function.

Local minimum possible.

fminunc stopped because the size of the current step is less than
the value of the step size tolerance.

[Warning: MATLAB has disabled some advanced graphics rendering features by
switching to software OpenGL. For more information, click <a
href="matlab:opengl('problems')">here</a>.] 
MAP of initial design based Posterior and err

D_ini =

    0.9560    2.7823
    2.7823    9.1440


Err =

    1.4797


Err =

    1.4797         0         0    1.4578


ans =

   90.5739   90.5739   90.5732   59.5002


Computing finite-difference Hessian using objective function.

Local minimum possible.

fminunc stopped because the size of the current step is less than
the value of the step size tolerance.

MAP of sequential design based Posterior and err

D_seq =

    1.4239   -1.5639
   -1.5639    9.7148


Err =

    1.4797    3.6085         0    1.4578


Err =

    1.4797    3.6085         0    1.4578    3.7059


ans =

  731.3786  731.3786  731.3785  189.5629


Computing finite-difference Hessian using objective function.

Local minimum possible.

fminunc stopped because the size of the current step is less than
the value of the step size tolerance.

MAP of SP design based Posterior and err

D_ini_only =

    1.4447    3.3918
    3.3918    8.6553


Err =

    1.4797    3.6085    1.3454    1.4578    3.7059


Err =

    1.4797    3.6085    1.3454    1.4578    3.7059    1.3452


ans =

  642.7006  642.7006  642.7005  638.5461


Computing finite-difference Hessian using objective function.

Local minimum possible.

fminunc stopped because the size of the current step is less than
the value of the step size tolerance.

MAP of initial design based Posterior and err

D_ini =

    3.5200    4.7076
    4.7076    6.5799


Err =

    1.0284


Err =

    1.0284         0         0    1.0274

early terminal for design generation

ans =

  -90.8459  -90.8459  -90.8459    2.7393


Computing finite-difference Hessian using objective function.

Local minimum possible.

fminunc stopped because the size of the current step is less than
the value of the step size tolerance.

MAP of sequential design based Posterior and err

D_seq =

    2.1046    2.0610
    2.0610    2.4250


Err =

    1.0284    0.1578         0    1.0274


Err =

    1.0284    0.1578         0    1.0274    0.1520


ans =

  301.4690  301.4690  301.4690  419.1877


Computing finite-difference Hessian using objective function.

Local minimum possible.

fminunc stopped because the size of the current step is less than
the value of the step size tolerance.

MAP of SP design based Posterior and err

D_ini_only =

    1.6910    2.6924
    2.6924    4.6564


Err =

    1.0284    0.1578    0.5919    1.0274    0.1520


Err =

    1.0284    0.1578    0.5919    1.0274    0.1520    0.5913


Computing finite-difference Hessian using objective function.

Local minimum possible.

fminunc stopped because the size of the current step is less than
the value of the step size tolerance.

MAP of Simulator based Posterior

D =

    2.4172    2.3890
    2.3890    2.7743


D_true =

    4.8910    0.7152
    0.7152    0.3090


ans =

  615.8768  615.8768  615.8767  208.0040


Computing finite-difference Hessian using objective function.

Local minimum possible.

fminunc stopped because the size of the current step is less than
the value of the step size tolerance.

MAP of initial design based Posterior and err

D_ini =

    3.1715    4.5797
    4.5797    6.9285


Err =

    2.2917


Err =

    2.2917         0         0    2.2667

early terminal for design generation

ans =

  -90.2182  -90.2182  -90.2182   21.5354


Computing finite-difference Hessian using objective function.

Local minimum possible.

fminunc stopped because it cannot decrease the objective function
along the current search direction.

MAP of sequential design based Posterior and err

D_seq =

    5.1732    0.7857
    0.7857    0.3262


Err =

    2.2917    0.0667         0    2.2667


Err =

    2.2917    0.0667         0    2.2667    0.0630


ans =

  497.6336  497.6336  497.6069   60.0171


Computing finite-difference Hessian using objective function.

Local minimum possible.

fminunc stopped because the size of the current step is less than
the value of the step size tolerance.

MAP of SP design based Posterior and err

D_ini_only =

    0.8570   -2.6308
   -2.6308    9.2430


Err =

    2.2917    0.0667    3.4737    2.2667    0.0630


Err =

    2.2917    0.0667    3.4737    2.2667    0.0630    3.5073


ans =

  109.6048  109.6048  109.6048  160.5645


Computing finite-difference Hessian using objective function.

Local minimum possible.

fminunc stopped because the size of the current step is less than
the value of the step size tolerance.

MAP of initial design based Posterior and err

D_ini =

    9.5707    2.0163
    2.0163    0.5293


Err =

    0.9500


Err =

    0.9500         0         0    0.9467

early terminal for design generation

ans =

  -79.6769  -79.6769  -79.6769    8.9281


Computing finite-difference Hessian using objective function.

Local minimum possible.

fminunc stopped because the size of the current step is less than
the value of the step size tolerance.

MAP of sequential design based Posterior and err

D_seq =

    5.4435    0.8581
    0.8581    0.3352


Err =

    0.9500    0.1295         0    0.9467


Err =

    0.9500    0.1295         0    0.9467    0.1262


ans =

  161.7426  161.7426  161.6324  129.2720


Computing finite-difference Hessian using objective function.

Local minimum possible.

fminunc stopped because the size of the current step is less than
the value of the step size tolerance.

MAP of SP design based Posterior and err

D_ini_only =

    0.7924    2.5248
    2.5248    9.3069


Err =

    0.9500    0.1295    2.9175    0.9467    0.1262


Err =

    0.9500    0.1295    2.9175    0.9467    0.1262    2.9810


Computing finite-difference Hessian using objective function.

Local minimum possible.

fminunc stopped because the size of the current step is less than
the value of the step size tolerance.

MAP of Simulator based Posterior

D =

    4.8961    0.7170
    0.7170    0.3095

